{
  "RSpec": {
    "coverage": {
      "/home/harmonious-link-0382/tic-tac-toe-rb-online-web-sp-000/lib/tic_tac_toe.rb": [
        null,
        1,
        null,
        null,
        null,
        null,
        null,
        null,
        null,
        null,
        null,
        1,
        null,
        1,
        5,
        5,
        5,
        5,
        5,
        null,
        null,
        1,
        5,
        null,
        null,
        1,
        3,
        null,
        null,
        1,
        9,
        4,
        null,
        3,
        null,
        null,
        null,
        1,
        5,
        1,
        null,
        2,
        null,
        null,
        null,
        1,
        2,
        2,
        2,
        2,
        0,
        0,
        null,
        0,
        null,
        null
      ]
    },
    "timestamp": 1568409307
  }
}
